

[2025-12-05T20:56:00.887Z] AUTH ENTER: GET /dashboard
[2025-12-05T20:56:00.889Z] AUTH TOKEN LEN: 783
[2025-12-05T20:56:00.890Z] AUTH CLIENT SELECTED: ADMIN
[2025-12-05T20:56:00.891Z] AUTH CALLING getUser...
[2025-12-05T20:56:02.050Z] AUTH getUser RETURNED. Error: false
[2025-12-05T20:56:02.051Z] AUTH SUCCESS. User: undefined, Role: FAN


[2025-12-05T20:56:20.964Z] AUTH ENTER: GET /dashboard
[2025-12-05T20:56:20.965Z] AUTH TOKEN LEN: 783
[2025-12-05T20:56:20.965Z] AUTH CLIENT SELECTED: ADMIN
[2025-12-05T20:56:20.965Z] AUTH CALLING getUser...


[2025-12-05T20:56:20.971Z] AUTH ENTER: GET /dashboard
[2025-12-05T20:56:20.973Z] AUTH TOKEN LEN: 783
[2025-12-05T20:56:20.974Z] AUTH CLIENT SELECTED: ADMIN
[2025-12-05T20:56:20.974Z] AUTH CALLING getUser...


[2025-12-05T20:56:21.025Z] AUTH ENTER: GET /dashboard
[2025-12-05T20:56:21.026Z] AUTH TOKEN LEN: 783
[2025-12-05T20:56:21.027Z] AUTH CLIENT SELECTED: ADMIN
[2025-12-05T20:56:21.027Z] AUTH CALLING getUser...
[2025-12-05T20:56:21.411Z] AUTH getUser RETURNED. Error: false
[2025-12-05T20:56:21.413Z] AUTH SUCCESS. User: undefined, Role: FAN
[2025-12-05T20:56:21.423Z] AUTH getUser RETURNED. Error: false
[2025-12-05T20:56:21.432Z] AUTH SUCCESS. User: undefined, Role: FAN
[2025-12-05T20:56:22.431Z] AUTH getUser RETURNED. Error: false
[2025-12-05T20:56:22.432Z] AUTH SUCCESS. User: undefined, Role: FAN


[2025-12-05T20:56:24.736Z] AUTH ENTER: GET /dashboard
[2025-12-05T20:56:24.737Z] AUTH TOKEN LEN: 783
[2025-12-05T20:56:24.737Z] AUTH CLIENT SELECTED: ADMIN
[2025-12-05T20:56:24.737Z] AUTH CALLING getUser...


[2025-12-05T20:56:24.743Z] AUTH ENTER: GET /dashboard
[2025-12-05T20:56:24.744Z] AUTH TOKEN LEN: 783
[2025-12-05T20:56:24.744Z] AUTH CLIENT SELECTED: ADMIN
[2025-12-05T20:56:24.745Z] AUTH CALLING getUser...
[2025-12-05T20:56:25.190Z] AUTH getUser RETURNED. Error: false
[2025-12-05T20:56:25.191Z] AUTH SUCCESS. User: admin@sistema.com, Role: ADMIN
[2025-12-05T20:56:26.145Z] AUTH getUser RETURNED. Error: false
[2025-12-05T20:56:26.146Z] AUTH SUCCESS. User: admin@sistema.com, Role: ADMIN


[2025-12-05T20:59:01.559Z] AUTH ENTER: GET /dashboard
[2025-12-05T20:59:01.561Z] AUTH TOKEN LEN: 783
[2025-12-05T20:59:01.561Z] AUTH CLIENT SELECTED: ADMIN
[2025-12-05T20:59:01.561Z] AUTH CALLING getUser...
[2025-12-05T20:59:02.011Z] AUTH getUser RETURNED. Error: false
[2025-12-05T20:59:02.013Z] AUTH SUCCESS. User: admin@sistema.com, Role: ADMIN


[2025-12-05T20:59:14.240Z] AUTH ENTER: DELETE /10
[2025-12-05T20:59:14.241Z] AUTH TOKEN LEN: 783
[2025-12-05T20:59:14.242Z] AUTH CLIENT SELECTED: ADMIN
[2025-12-05T20:59:14.243Z] AUTH CALLING getUser...
[2025-12-05T20:59:14.765Z] AUTH getUser RETURNED. Error: false
[2025-12-05T20:59:14.765Z] AUTH SUCCESS. User: admin@sistema.com, Role: ADMIN


[2025-12-05T20:59:21.570Z] AUTH ENTER: GET /dashboard
[2025-12-05T20:59:21.570Z] AUTH TOKEN LEN: 783
[2025-12-05T20:59:21.571Z] AUTH CLIENT SELECTED: ADMIN
[2025-12-05T20:59:21.571Z] AUTH CALLING getUser...
[2025-12-05T20:59:22.039Z] AUTH getUser RETURNED. Error: false
[2025-12-05T20:59:22.040Z] AUTH SUCCESS. User: admin@sistema.com, Role: ADMIN


[2025-12-05T20:59:44.279Z] AUTH ENTER: GET /dashboard
[2025-12-05T20:59:44.280Z] AUTH TOKEN LEN: 783
[2025-12-05T20:59:44.280Z] AUTH CLIENT SELECTED: ADMIN
[2025-12-05T20:59:44.281Z] AUTH CALLING getUser...
[2025-12-05T20:59:44.708Z] AUTH getUser RETURNED. Error: false
[2025-12-05T20:59:44.709Z] AUTH SUCCESS. User: admin@sistema.com, Role: ADMIN


[2025-12-05T20:59:52.739Z] AUTH ENTER: DELETE /10
[2025-12-05T20:59:52.741Z] AUTH TOKEN LEN: 783
[2025-12-05T20:59:52.741Z] AUTH CLIENT SELECTED: ADMIN
[2025-12-05T20:59:52.743Z] AUTH CALLING getUser...
[2025-12-05T20:59:53.269Z] AUTH getUser RETURNED. Error: false
[2025-12-05T20:59:53.270Z] AUTH SUCCESS. User: admin@sistema.com, Role: ADMIN


[2025-12-05T21:04:59.041Z] AUTH ENTER: GET /dashboard
[2025-12-05T21:04:59.042Z] AUTH TOKEN LEN: 783
[2025-12-05T21:04:59.042Z] AUTH CLIENT SELECTED: ADMIN
[2025-12-05T21:04:59.043Z] AUTH CALLING getUser...
[2025-12-05T21:04:59.964Z] AUTH getUser RETURNED. Error: false
[2025-12-05T21:04:59.965Z] AUTH SUCCESS. User: admin@sistema.com, Role: ADMIN


[2025-12-05T21:05:11.037Z] AUTH ENTER: DELETE /10
[2025-12-05T21:05:11.041Z] AUTH TOKEN LEN: 783
[2025-12-05T21:05:11.042Z] AUTH CLIENT SELECTED: ADMIN
[2025-12-05T21:05:11.042Z] AUTH CALLING getUser...
[2025-12-05T21:05:11.528Z] AUTH getUser RETURNED. Error: false
[2025-12-05T21:05:11.529Z] AUTH SUCCESS. User: admin@sistema.com, Role: ADMIN


[2025-12-05T21:05:19.046Z] AUTH ENTER: GET /dashboard
[2025-12-05T21:05:19.047Z] AUTH TOKEN LEN: 783
[2025-12-05T21:05:19.047Z] AUTH CLIENT SELECTED: ADMIN
[2025-12-05T21:05:19.048Z] AUTH CALLING getUser...
[2025-12-05T21:05:19.412Z] AUTH getUser RETURNED. Error: false
[2025-12-05T21:05:19.413Z] AUTH SUCCESS. User: admin@sistema.com, Role: ADMIN


[2025-12-05T21:05:21.914Z] AUTH ENTER: GET /dashboard
[2025-12-05T21:05:21.914Z] AUTH TOKEN LEN: 783
[2025-12-05T21:05:21.915Z] AUTH CLIENT SELECTED: ADMIN
[2025-12-05T21:05:21.915Z] AUTH CALLING getUser...


[2025-12-05T21:05:21.930Z] AUTH ENTER: GET /dashboard
[2025-12-05T21:05:21.931Z] AUTH TOKEN LEN: 783
[2025-12-05T21:05:21.931Z] AUTH CLIENT SELECTED: ADMIN
[2025-12-05T21:05:21.932Z] AUTH CALLING getUser...
[2025-12-05T21:05:22.389Z] AUTH getUser RETURNED. Error: false
[2025-12-05T21:05:22.391Z] AUTH SUCCESS. User: admin@sistema.com, Role: ADMIN
[2025-12-05T21:05:22.602Z] AUTH getUser RETURNED. Error: false
[2025-12-05T21:05:22.604Z] AUTH SUCCESS. User: admin@sistema.com, Role: ADMIN


[2025-12-05T21:35:28.743Z] AUTH ENTER: DELETE /8
[2025-12-05T21:35:28.745Z] AUTH TOKEN LEN: 783
[2025-12-05T21:35:28.746Z] AUTH CLIENT SELECTED: ADMIN
[2025-12-05T21:35:28.747Z] AUTH CALLING getUser...
[2025-12-05T21:35:30.068Z] AUTH getUser RETURNED. Error: false
[2025-12-05T21:35:30.073Z] AUTH SUCCESS. User: admin@sistema.com, Role: ADMIN


[2025-12-05T21:35:47.981Z] AUTH ENTER: GET /dashboard
[2025-12-05T21:35:47.982Z] AUTH TOKEN LEN: 783
[2025-12-05T21:35:47.983Z] AUTH CLIENT SELECTED: ADMIN
[2025-12-05T21:35:47.984Z] AUTH CALLING getUser...
[2025-12-05T21:35:48.497Z] AUTH getUser RETURNED. Error: false
[2025-12-05T21:35:48.498Z] AUTH SUCCESS. User: admin@sistema.com, Role: ADMIN


[2025-12-05T21:36:07.985Z] AUTH ENTER: GET /dashboard
[2025-12-05T21:36:07.985Z] AUTH TOKEN LEN: 783
[2025-12-05T21:36:07.986Z] AUTH CLIENT SELECTED: ADMIN
[2025-12-05T21:36:07.986Z] AUTH CALLING getUser...
[2025-12-05T21:36:08.460Z] AUTH getUser RETURNED. Error: false
[2025-12-05T21:36:08.461Z] AUTH SUCCESS. User: admin@sistema.com, Role: ADMIN


[2025-12-05T21:42:07.442Z] AUTH ENTER: DELETE /6
[2025-12-05T21:42:07.445Z] AUTH TOKEN LEN: 783
[2025-12-05T21:42:07.446Z] AUTH CLIENT SELECTED: ADMIN
[2025-12-05T21:42:07.446Z] AUTH CALLING getUser...
[2025-12-05T21:42:08.194Z] AUTH getUser RETURNED. Error: false
[2025-12-05T21:42:08.195Z] AUTH SUCCESS. User: admin@sistema.com, Role: ADMIN


[2025-12-05T21:42:12.034Z] AUTH ENTER: GET /admin/users
[2025-12-05T21:42:12.036Z] AUTH TOKEN LEN: 783
[2025-12-05T21:42:12.036Z] AUTH CLIENT SELECTED: ADMIN
[2025-12-05T21:42:12.037Z] AUTH CALLING getUser...
[2025-12-05T21:42:12.499Z] AUTH getUser RETURNED. Error: false
[2025-12-05T21:42:12.500Z] AUTH SUCCESS. User: admin@sistema.com, Role: ADMIN


[2025-12-05T21:42:13.011Z] AUTH ENTER: GET /admin/users
[2025-12-05T21:42:13.012Z] AUTH TOKEN LEN: 783
[2025-12-05T21:42:13.012Z] AUTH CLIENT SELECTED: ADMIN
[2025-12-05T21:42:13.012Z] AUTH CALLING getUser...
[2025-12-05T21:42:13.428Z] AUTH getUser RETURNED. Error: false
[2025-12-05T21:42:13.429Z] AUTH SUCCESS. User: admin@sistema.com, Role: ADMIN


[2025-12-06T01:33:24.071Z] AUTH ENTER: POST /9/draw-groups
[2025-12-06T01:33:24.072Z] AUTH TOKEN LEN: 783
[2025-12-06T01:33:24.072Z] AUTH CLIENT SELECTED: ADMIN
[2025-12-06T01:33:24.073Z] AUTH CALLING getUser...
[2025-12-06T01:33:24.619Z] AUTH getUser RETURNED. Error: false
[2025-12-06T01:33:24.620Z] AUTH SUCCESS. User: undefined, Role: FAN


[2025-12-06T01:33:33.841Z] AUTH ENTER: POST /9/draw-groups
[2025-12-06T01:33:33.842Z] AUTH TOKEN LEN: 783
[2025-12-06T01:33:33.842Z] AUTH CLIENT SELECTED: ADMIN
[2025-12-06T01:33:33.843Z] AUTH CALLING getUser...
[2025-12-06T01:33:34.331Z] AUTH getUser RETURNED. Error: false
[2025-12-06T01:33:34.332Z] AUTH SUCCESS. User: undefined, Role: FAN


[2025-12-06T01:44:23.730Z] AUTH ENTER: GET /dashboard
[2025-12-06T01:44:23.731Z] AUTH TOKEN LEN: 783
[2025-12-06T01:44:23.731Z] AUTH CLIENT SELECTED: ADMIN
[2025-12-06T01:44:23.732Z] AUTH CALLING getUser...
[2025-12-06T01:44:24.281Z] AUTH getUser RETURNED. Error: false
[2025-12-06T01:44:24.282Z] AUTH SUCCESS. User: admin@sistema.com, Role: ADMIN


[2025-12-06T01:44:43.732Z] AUTH ENTER: GET /dashboard
[2025-12-06T01:44:43.733Z] AUTH TOKEN LEN: 783
[2025-12-06T01:44:43.733Z] AUTH CLIENT SELECTED: ADMIN
[2025-12-06T01:44:43.733Z] AUTH CALLING getUser...
[2025-12-06T01:44:44.223Z] AUTH getUser RETURNED. Error: false
[2025-12-06T01:44:44.240Z] AUTH SUCCESS. User: admin@sistema.com, Role: ADMIN


[2025-12-06T01:44:45.917Z] AUTH ENTER: POST /9/register-team
[2025-12-06T01:44:45.918Z] AUTH TOKEN LEN: 783
[2025-12-06T01:44:45.919Z] AUTH CLIENT SELECTED: ADMIN
[2025-12-06T01:44:45.919Z] AUTH CALLING getUser...
[2025-12-06T01:44:46.500Z] AUTH getUser RETURNED. Error: false
[2025-12-06T01:44:46.500Z] AUTH SUCCESS. User: admin@sistema.com, Role: ADMIN


[2025-12-06T01:44:55.329Z] AUTH ENTER: POST /9/draw-groups
[2025-12-06T01:44:55.330Z] AUTH TOKEN LEN: 783
[2025-12-06T01:44:55.331Z] AUTH CLIENT SELECTED: ADMIN
[2025-12-06T01:44:55.331Z] AUTH CALLING getUser...
[2025-12-06T01:44:55.921Z] AUTH getUser RETURNED. Error: false
[2025-12-06T01:44:55.922Z] AUTH SUCCESS. User: admin@sistema.com, Role: ADMIN


[2025-12-06T01:50:51.990Z] AUTH ENTER: POST /9/fixture
[2025-12-06T01:50:51.991Z] AUTH TOKEN LEN: 783
[2025-12-06T01:50:51.992Z] AUTH CLIENT SELECTED: ADMIN
[2025-12-06T01:50:51.992Z] AUTH CALLING getUser...
[2025-12-06T01:50:52.809Z] AUTH getUser RETURNED. Error: false
[2025-12-06T01:50:52.810Z] AUTH SUCCESS. User: admin@sistema.com, Role: ADMIN


[2025-12-06T01:51:04.159Z] AUTH ENTER: GET /dashboard
[2025-12-06T01:51:04.160Z] AUTH TOKEN LEN: 783
[2025-12-06T01:51:04.161Z] AUTH CLIENT SELECTED: ADMIN
[2025-12-06T01:51:04.162Z] AUTH CALLING getUser...
[2025-12-06T01:51:04.679Z] AUTH getUser RETURNED. Error: false
[2025-12-06T01:51:04.680Z] AUTH SUCCESS. User: admin@sistema.com, Role: ADMIN


[2025-12-06T01:51:24.161Z] AUTH ENTER: GET /dashboard
[2025-12-06T01:51:24.162Z] AUTH TOKEN LEN: 783
[2025-12-06T01:51:24.162Z] AUTH CLIENT SELECTED: ADMIN
[2025-12-06T01:51:24.162Z] AUTH CALLING getUser...
[2025-12-06T01:51:24.646Z] AUTH getUser RETURNED. Error: false
[2025-12-06T01:51:24.647Z] AUTH SUCCESS. User: admin@sistema.com, Role: ADMIN


[2025-12-06T01:53:55.626Z] AUTH ENTER: POST /9/fixture
[2025-12-06T01:53:55.627Z] AUTH TOKEN LEN: 783
[2025-12-06T01:53:55.627Z] AUTH CLIENT SELECTED: ADMIN
[2025-12-06T01:53:55.628Z] AUTH CALLING getUser...
[2025-12-06T01:53:56.310Z] AUTH getUser RETURNED. Error: false
[2025-12-06T01:53:56.311Z] AUTH SUCCESS. User: admin@sistema.com, Role: ADMIN


[2025-12-06T01:54:05.735Z] AUTH ENTER: GET /dashboard
[2025-12-06T01:54:05.736Z] AUTH TOKEN LEN: 783
[2025-12-06T01:54:05.737Z] AUTH CLIENT SELECTED: ADMIN
[2025-12-06T01:54:05.737Z] AUTH CALLING getUser...
[2025-12-06T01:54:06.176Z] AUTH getUser RETURNED. Error: false
[2025-12-06T01:54:06.177Z] AUTH SUCCESS. User: admin@sistema.com, Role: ADMIN


[2025-12-06T01:54:25.749Z] AUTH ENTER: GET /dashboard
[2025-12-06T01:54:25.750Z] AUTH TOKEN LEN: 783
[2025-12-06T01:54:25.750Z] AUTH CLIENT SELECTED: ADMIN
[2025-12-06T01:54:25.750Z] AUTH CALLING getUser...
[2025-12-06T01:54:26.193Z] AUTH getUser RETURNED. Error: false
[2025-12-06T01:54:26.195Z] AUTH SUCCESS. User: admin@sistema.com, Role: ADMIN


[2025-12-06T01:54:57.619Z] AUTH ENTER: POST /9/fixture
[2025-12-06T01:54:57.621Z] AUTH TOKEN LEN: 783
[2025-12-06T01:54:57.621Z] AUTH CLIENT SELECTED: ADMIN
[2025-12-06T01:54:57.622Z] AUTH CALLING getUser...
[2025-12-06T01:54:58.061Z] AUTH getUser RETURNED. Error: false
[2025-12-06T01:54:58.061Z] AUTH SUCCESS. User: admin@sistema.com, Role: ADMIN


[2025-12-06T01:56:46.830Z] AUTH ENTER: GET /dashboard
[2025-12-06T01:56:46.831Z] AUTH TOKEN LEN: 783
[2025-12-06T01:56:46.832Z] AUTH CLIENT SELECTED: ADMIN
[2025-12-06T01:56:46.832Z] AUTH CALLING getUser...
[2025-12-06T01:56:47.330Z] AUTH getUser RETURNED. Error: false
[2025-12-06T01:56:47.331Z] AUTH SUCCESS. User: admin@sistema.com, Role: ADMIN


[2025-12-06T01:57:00.988Z] AUTH ENTER: POST /9/fixture
[2025-12-06T01:57:00.990Z] AUTH TOKEN LEN: 783
[2025-12-06T01:57:00.990Z] AUTH CLIENT SELECTED: ADMIN
[2025-12-06T01:57:00.991Z] AUTH CALLING getUser...
[2025-12-06T01:57:01.459Z] AUTH getUser RETURNED. Error: false
[2025-12-06T01:57:01.460Z] AUTH SUCCESS. User: admin@sistema.com, Role: ADMIN


[2025-12-06T01:57:06.846Z] AUTH ENTER: GET /dashboard
[2025-12-06T01:57:06.847Z] AUTH TOKEN LEN: 783
[2025-12-06T01:57:06.848Z] AUTH CLIENT SELECTED: ADMIN
[2025-12-06T01:57:06.848Z] AUTH CALLING getUser...
[2025-12-06T01:57:07.314Z] AUTH getUser RETURNED. Error: false
[2025-12-06T01:57:07.332Z] AUTH SUCCESS. User: admin@sistema.com, Role: ADMIN


[2025-12-06T01:59:58.014Z] AUTH ENTER: GET /dashboard
[2025-12-06T01:59:58.015Z] AUTH TOKEN LEN: 783
[2025-12-06T01:59:58.015Z] AUTH CLIENT SELECTED: ADMIN
[2025-12-06T01:59:58.016Z] AUTH CALLING getUser...
[2025-12-06T01:59:58.440Z] AUTH getUser RETURNED. Error: false
[2025-12-06T01:59:58.441Z] AUTH SUCCESS. User: admin@sistema.com, Role: ADMIN


[2025-12-06T02:00:18.021Z] AUTH ENTER: GET /dashboard
[2025-12-06T02:00:18.022Z] AUTH TOKEN LEN: 783
[2025-12-06T02:00:18.022Z] AUTH CLIENT SELECTED: ADMIN
[2025-12-06T02:00:18.023Z] AUTH CALLING getUser...
[2025-12-06T02:00:18.414Z] AUTH getUser RETURNED. Error: false
[2025-12-06T02:00:18.415Z] AUTH SUCCESS. User: admin@sistema.com, Role: ADMIN


[2025-12-06T02:00:22.966Z] AUTH ENTER: POST /9/fixture
[2025-12-06T02:00:22.967Z] AUTH TOKEN LEN: 783
[2025-12-06T02:00:22.968Z] AUTH CLIENT SELECTED: ADMIN
[2025-12-06T02:00:22.969Z] AUTH CALLING getUser...
[2025-12-06T02:00:23.576Z] AUTH getUser RETURNED. Error: false
[2025-12-06T02:00:23.582Z] AUTH SUCCESS. User: admin@sistema.com, Role: ADMIN


[2025-12-06T02:00:43.453Z] AUTH ENTER: GET /team-registrations/62/athletes
[2025-12-06T02:00:43.454Z] AUTH TOKEN LEN: 783
[2025-12-06T02:00:43.454Z] AUTH CLIENT SELECTED: ADMIN
[2025-12-06T02:00:43.455Z] AUTH CALLING getUser...
[2025-12-06T02:00:43.992Z] AUTH getUser RETURNED. Error: false
[2025-12-06T02:00:43.993Z] AUTH SUCCESS. User: admin@sistema.com, Role: ADMIN


[2025-12-06T02:00:44.493Z] AUTH ENTER: GET /team-registrations/62/athletes
[2025-12-06T02:00:44.494Z] AUTH TOKEN LEN: 783
[2025-12-06T02:00:44.494Z] AUTH CLIENT SELECTED: ADMIN
[2025-12-06T02:00:44.495Z] AUTH CALLING getUser...
[2025-12-06T02:00:44.900Z] AUTH getUser RETURNED. Error: false
[2025-12-06T02:00:44.902Z] AUTH SUCCESS. User: admin@sistema.com, Role: ADMIN


[2025-12-06T02:00:53.505Z] AUTH ENTER: GET /search
[2025-12-06T02:00:53.505Z] AUTH TOKEN LEN: 783
[2025-12-06T02:00:53.506Z] AUTH CLIENT SELECTED: ADMIN
[2025-12-06T02:00:53.506Z] AUTH CALLING getUser...
[2025-12-06T02:00:53.914Z] AUTH getUser RETURNED. Error: false
[2025-12-06T02:00:53.914Z] AUTH SUCCESS. User: admin@sistema.com, Role: ADMIN


[2025-12-06T02:00:54.083Z] AUTH ENTER: GET /search
[2025-12-06T02:00:54.083Z] AUTH TOKEN LEN: 783
[2025-12-06T02:00:54.084Z] AUTH CLIENT SELECTED: ADMIN
[2025-12-06T02:00:54.084Z] AUTH CALLING getUser...
[2025-12-06T02:00:54.464Z] AUTH getUser RETURNED. Error: false
[2025-12-06T02:00:54.465Z] AUTH SUCCESS. User: admin@sistema.com, Role: ADMIN


[2025-12-06T02:00:54.608Z] AUTH ENTER: GET /search
[2025-12-06T02:00:54.609Z] AUTH TOKEN LEN: 783
[2025-12-06T02:00:54.609Z] AUTH CLIENT SELECTED: ADMIN
[2025-12-06T02:00:54.609Z] AUTH CALLING getUser...
[2025-12-06T02:00:55.009Z] AUTH getUser RETURNED. Error: false
[2025-12-06T02:00:55.011Z] AUTH SUCCESS. User: admin@sistema.com, Role: ADMIN


[2025-12-06T02:07:05.598Z] AUTH ENTER: GET /dashboard
[2025-12-06T02:07:05.599Z] AUTH TOKEN LEN: 783
[2025-12-06T02:07:05.600Z] AUTH CLIENT SELECTED: ADMIN
[2025-12-06T02:07:05.600Z] AUTH CALLING getUser...
[2025-12-06T02:07:06.163Z] AUTH getUser RETURNED. Error: false
[2025-12-06T02:07:06.165Z] AUTH SUCCESS. User: admin@sistema.com, Role: ADMIN


[2025-12-06T02:07:19.140Z] AUTH ENTER: POST /9/fixture
[2025-12-06T02:07:19.141Z] AUTH TOKEN LEN: 783
[2025-12-06T02:07:19.142Z] AUTH CLIENT SELECTED: ADMIN
[2025-12-06T02:07:19.142Z] AUTH CALLING getUser...
[2025-12-06T02:07:19.571Z] AUTH getUser RETURNED. Error: false
[2025-12-06T02:07:19.572Z] AUTH SUCCESS. User: admin@sistema.com, Role: ADMIN


[2025-12-06T02:07:25.602Z] AUTH ENTER: GET /dashboard
[2025-12-06T02:07:25.603Z] AUTH TOKEN LEN: 783
[2025-12-06T02:07:25.604Z] AUTH CLIENT SELECTED: ADMIN
[2025-12-06T02:07:25.604Z] AUTH CALLING getUser...
[2025-12-06T02:07:26.019Z] AUTH getUser RETURNED. Error: false
[2025-12-06T02:07:26.020Z] AUTH SUCCESS. User: admin@sistema.com, Role: ADMIN


[2025-12-06T02:07:29.643Z] AUTH ENTER: POST /9/draw-groups
[2025-12-06T02:07:29.644Z] AUTH TOKEN LEN: 783
[2025-12-06T02:07:29.645Z] AUTH CLIENT SELECTED: ADMIN
[2025-12-06T02:07:29.645Z] AUTH CALLING getUser...
[2025-12-06T02:07:30.116Z] AUTH getUser RETURNED. Error: false
[2025-12-06T02:07:30.117Z] AUTH SUCCESS. User: admin@sistema.com, Role: ADMIN


[2025-12-06T02:07:38.325Z] AUTH ENTER: POST /9/fixture
[2025-12-06T02:07:38.327Z] AUTH TOKEN LEN: 783
[2025-12-06T02:07:38.327Z] AUTH CLIENT SELECTED: ADMIN
[2025-12-06T02:07:38.329Z] AUTH CALLING getUser...
[2025-12-06T02:07:38.759Z] AUTH getUser RETURNED. Error: false
[2025-12-06T02:07:38.760Z] AUTH SUCCESS. User: admin@sistema.com, Role: ADMIN


[2025-12-06T02:08:56.823Z] AUTH ENTER: POST /9/fixture
[2025-12-06T02:08:56.824Z] AUTH TOKEN LEN: 783
[2025-12-06T02:08:56.826Z] AUTH CLIENT SELECTED: ADMIN
[2025-12-06T02:08:56.827Z] AUTH CALLING getUser...
[2025-12-06T02:08:57.365Z] AUTH getUser RETURNED. Error: false
[2025-12-06T02:08:57.366Z] AUTH SUCCESS. User: admin@sistema.com, Role: ADMIN


[2025-12-06T02:09:07.789Z] AUTH ENTER: POST /9/fixture
[2025-12-06T02:09:07.792Z] AUTH TOKEN LEN: 783
[2025-12-06T02:09:07.794Z] AUTH CLIENT SELECTED: ADMIN
[2025-12-06T02:09:07.795Z] AUTH CALLING getUser...
[2025-12-06T02:09:08.321Z] AUTH getUser RETURNED. Error: false
[2025-12-06T02:09:08.322Z] AUTH SUCCESS. User: admin@sistema.com, Role: ADMIN


[2025-12-06T02:09:54.791Z] AUTH ENTER: POST /9/fixture
[2025-12-06T02:09:54.792Z] AUTH TOKEN LEN: 783
[2025-12-06T02:09:54.793Z] AUTH CLIENT SELECTED: ADMIN
[2025-12-06T02:09:54.794Z] AUTH CALLING getUser...
[2025-12-06T02:09:55.321Z] AUTH getUser RETURNED. Error: false
[2025-12-06T02:09:55.322Z] AUTH SUCCESS. User: admin@sistema.com, Role: ADMIN


[2025-12-06T02:10:20.272Z] AUTH ENTER: POST /9/fixture
[2025-12-06T02:10:20.276Z] AUTH TOKEN LEN: 783
[2025-12-06T02:10:20.277Z] AUTH CLIENT SELECTED: ADMIN
[2025-12-06T02:10:20.277Z] AUTH CALLING getUser...
[2025-12-06T02:10:20.821Z] AUTH getUser RETURNED. Error: false
[2025-12-06T02:10:20.822Z] AUTH SUCCESS. User: admin@sistema.com, Role: ADMIN


[2025-12-06T02:12:07.844Z] AUTH ENTER: POST /9/fixture
[2025-12-06T02:12:07.846Z] AUTH TOKEN LEN: 783
[2025-12-06T02:12:07.847Z] AUTH CLIENT SELECTED: ADMIN
[2025-12-06T02:12:07.848Z] AUTH CALLING getUser...
[2025-12-06T02:12:08.317Z] AUTH getUser RETURNED. Error: false
[2025-12-06T02:12:08.333Z] AUTH SUCCESS. User: admin@sistema.com, Role: ADMIN


[2025-12-06T02:13:50.750Z] AUTH ENTER: GET /dashboard
[2025-12-06T02:13:50.752Z] AUTH TOKEN LEN: 783
[2025-12-06T02:13:50.753Z] AUTH CLIENT SELECTED: ADMIN
[2025-12-06T02:13:50.754Z] AUTH CALLING getUser...
[2025-12-06T02:13:51.455Z] AUTH getUser RETURNED. Error: false
[2025-12-06T02:13:51.471Z] AUTH SUCCESS. User: undefined, Role: FAN


[2025-12-06T02:14:10.762Z] AUTH ENTER: GET /dashboard
[2025-12-06T02:14:10.763Z] AUTH TOKEN LEN: 783
[2025-12-06T02:14:10.764Z] AUTH CLIENT SELECTED: ADMIN
[2025-12-06T02:14:10.764Z] AUTH CALLING getUser...
[2025-12-06T02:14:12.029Z] AUTH getUser RETURNED. Error: false
[2025-12-06T02:14:12.032Z] AUTH SUCCESS. User: undefined, Role: FAN


[2025-12-06T02:15:43.335Z] AUTH ENTER: POST /9/fixture
[2025-12-06T02:15:43.336Z] AUTH FAIL: No valid header


[2025-12-06T02:16:12.630Z] AUTH ENTER: GET /dashboard
[2025-12-06T02:16:12.631Z] AUTH TOKEN LEN: 783
[2025-12-06T02:16:12.631Z] AUTH CLIENT SELECTED: ADMIN
[2025-12-06T02:16:12.632Z] AUTH CALLING getUser...


[2025-12-06T02:16:12.638Z] AUTH ENTER: GET /dashboard
[2025-12-06T02:16:12.638Z] AUTH TOKEN LEN: 783
[2025-12-06T02:16:12.639Z] AUTH CLIENT SELECTED: ADMIN
[2025-12-06T02:16:12.639Z] AUTH CALLING getUser...
[2025-12-06T02:16:13.046Z] AUTH getUser RETURNED. Error: false
[2025-12-06T02:16:13.047Z] AUTH SUCCESS. User: admin@sistema.com, Role: ADMIN
[2025-12-06T02:16:13.055Z] AUTH getUser RETURNED. Error: false
[2025-12-06T02:16:13.056Z] AUTH SUCCESS. User: admin@sistema.com, Role: ADMIN


[2025-12-06T02:16:22.758Z] AUTH ENTER: GET /dashboard
[2025-12-06T02:16:22.759Z] AUTH TOKEN LEN: 783
[2025-12-06T02:16:22.759Z] AUTH CLIENT SELECTED: ADMIN
[2025-12-06T02:16:22.760Z] AUTH CALLING getUser...


[2025-12-06T02:16:22.766Z] AUTH ENTER: GET /dashboard
[2025-12-06T02:16:22.767Z] AUTH TOKEN LEN: 783
[2025-12-06T02:16:22.767Z] AUTH CLIENT SELECTED: ADMIN
[2025-12-06T02:16:22.767Z] AUTH CALLING getUser...
[2025-12-06T02:16:23.233Z] AUTH getUser RETURNED. Error: false
[2025-12-06T02:16:23.233Z] AUTH SUCCESS. User: undefined, Role: FAN
[2025-12-06T02:16:23.242Z] AUTH getUser RETURNED. Error: false
[2025-12-06T02:16:23.243Z] AUTH SUCCESS. User: undefined, Role: FAN


[2025-12-06T02:17:06.380Z] AUTH ENTER: GET /dashboard
[2025-12-06T02:17:06.381Z] AUTH TOKEN LEN: 783
[2025-12-06T02:17:06.381Z] AUTH CLIENT SELECTED: ADMIN
[2025-12-06T02:17:06.382Z] AUTH CALLING getUser...


[2025-12-06T02:17:06.398Z] AUTH ENTER: GET /dashboard
[2025-12-06T02:17:06.399Z] AUTH TOKEN LEN: 783
[2025-12-06T02:17:06.399Z] AUTH CLIENT SELECTED: ADMIN
[2025-12-06T02:17:06.399Z] AUTH CALLING getUser...
[2025-12-06T02:17:06.906Z] AUTH getUser RETURNED. Error: false
[2025-12-06T02:17:06.914Z] AUTH SUCCESS. User: undefined, Role: FAN
[2025-12-06T02:17:06.940Z] AUTH getUser RETURNED. Error: false
[2025-12-06T02:17:06.956Z] AUTH SUCCESS. User: undefined, Role: FAN


[2025-12-06T02:19:29.097Z] AUTH ENTER: GET /dashboard
[2025-12-06T02:19:29.134Z] AUTH TOKEN LEN: 783
[2025-12-06T02:19:29.136Z] AUTH CLIENT SELECTED: ADMIN
[2025-12-06T02:19:29.136Z] AUTH CALLING getUser...
[2025-12-06T02:19:29.744Z] AUTH getUser RETURNED. Error: false
[2025-12-06T02:19:29.746Z] AUTH SUCCESS. User: admin@sistema.com, Role: ADMIN


[2025-12-06T02:19:49.115Z] AUTH ENTER: GET /dashboard
[2025-12-06T02:19:49.116Z] AUTH TOKEN LEN: 783
[2025-12-06T02:19:49.116Z] AUTH CLIENT SELECTED: ADMIN
[2025-12-06T02:19:49.116Z] AUTH CALLING getUser...
[2025-12-06T02:19:49.678Z] AUTH getUser RETURNED. Error: false
[2025-12-06T02:19:49.680Z] AUTH SUCCESS. User: admin@sistema.com, Role: ADMIN


[2025-12-06T02:24:41.232Z] AUTH ENTER: POST /9/fixture
[2025-12-06T02:24:41.236Z] AUTH TOKEN LEN: 783
[2025-12-06T02:24:41.237Z] AUTH CLIENT SELECTED: ADMIN
[2025-12-06T02:24:41.237Z] AUTH CALLING getUser...


[2025-12-06T02:24:43.192Z] AUTH ENTER: GET /dashboard
[2025-12-06T02:24:43.193Z] AUTH TOKEN LEN: 783
[2025-12-06T02:24:43.193Z] AUTH CLIENT SELECTED: ADMIN
[2025-12-06T02:24:43.193Z] AUTH CALLING getUser...
[2025-12-06T02:24:43.410Z] AUTH getUser RETURNED. Error: false
[2025-12-06T02:24:43.412Z] AUTH SUCCESS. User: admin@sistema.com, Role: ADMIN
[2025-12-06T02:24:43.602Z] AUTH getUser RETURNED. Error: false
[2025-12-06T02:24:43.603Z] AUTH SUCCESS. User: admin@sistema.com, Role: ADMIN


[2025-12-06T02:24:44.864Z] AUTH ENTER: GET /dashboard
[2025-12-06T02:24:44.865Z] AUTH TOKEN LEN: 783
[2025-12-06T02:24:44.865Z] AUTH CLIENT SELECTED: ADMIN
[2025-12-06T02:24:44.865Z] AUTH CALLING getUser...
[2025-12-06T02:24:45.413Z] AUTH getUser RETURNED. Error: false
[2025-12-06T02:24:45.414Z] AUTH SUCCESS. User: admin@sistema.com, Role: ADMIN


[2025-12-06T02:26:03.535Z] AUTH ENTER: GET /dashboard
[2025-12-06T02:26:03.537Z] AUTH TOKEN LEN: 783
[2025-12-06T02:26:03.538Z] AUTH CLIENT SELECTED: ADMIN
[2025-12-06T02:26:03.538Z] AUTH CALLING getUser...
[2025-12-06T02:26:04.033Z] AUTH getUser RETURNED. Error: false
[2025-12-06T02:26:04.034Z] AUTH SUCCESS. User: admin@sistema.com, Role: ADMIN


[2025-12-06T02:26:23.551Z] AUTH ENTER: GET /dashboard
[2025-12-06T02:26:23.552Z] AUTH TOKEN LEN: 783
[2025-12-06T02:26:23.552Z] AUTH CLIENT SELECTED: ADMIN
[2025-12-06T02:26:23.553Z] AUTH CALLING getUser...
[2025-12-06T02:26:24.092Z] AUTH getUser RETURNED. Error: false
[2025-12-06T02:26:24.109Z] AUTH SUCCESS. User: admin@sistema.com, Role: ADMIN


[2025-12-06T02:26:25.670Z] AUTH ENTER: POST /9/fixture
[2025-12-06T02:26:25.671Z] AUTH TOKEN LEN: 783
[2025-12-06T02:26:25.672Z] AUTH CLIENT SELECTED: ADMIN
[2025-12-06T02:26:25.673Z] AUTH CALLING getUser...
[2025-12-06T02:26:26.273Z] AUTH getUser RETURNED. Error: false
[2025-12-06T02:26:26.274Z] AUTH SUCCESS. User: admin@sistema.com, Role: ADMIN


[2025-12-06T02:27:41.018Z] AUTH ENTER: POST /9/fixture
[2025-12-06T02:27:41.021Z] AUTH TOKEN LEN: 783
[2025-12-06T02:27:41.022Z] AUTH CLIENT SELECTED: ADMIN
[2025-12-06T02:27:41.023Z] AUTH CALLING getUser...
[2025-12-06T02:27:41.539Z] AUTH getUser RETURNED. Error: false
[2025-12-06T02:27:41.539Z] AUTH SUCCESS. User: admin@sistema.com, Role: ADMIN


[2025-12-06T02:28:28.061Z] AUTH ENTER: GET /dashboard
[2025-12-06T02:28:28.063Z] AUTH TOKEN LEN: 783
[2025-12-06T02:28:28.063Z] AUTH CLIENT SELECTED: ADMIN
[2025-12-06T02:28:28.064Z] AUTH CALLING getUser...
[2025-12-06T02:28:28.610Z] AUTH getUser RETURNED. Error: false
[2025-12-06T02:28:28.612Z] AUTH SUCCESS. User: admin@sistema.com, Role: ADMIN


[2025-12-06T02:28:41.732Z] AUTH ENTER: POST /9/fixture
[2025-12-06T02:28:41.733Z] AUTH TOKEN LEN: 783
[2025-12-06T02:28:41.734Z] AUTH CLIENT SELECTED: ADMIN
[2025-12-06T02:28:41.734Z] AUTH CALLING getUser...
[2025-12-06T02:28:42.265Z] AUTH getUser RETURNED. Error: false
[2025-12-06T02:28:42.266Z] AUTH SUCCESS. User: admin@sistema.com, Role: ADMIN


[2025-12-06T02:28:48.078Z] AUTH ENTER: GET /dashboard
[2025-12-06T02:28:48.079Z] AUTH TOKEN LEN: 783
[2025-12-06T02:28:48.079Z] AUTH CLIENT SELECTED: ADMIN
[2025-12-06T02:28:48.080Z] AUTH CALLING getUser...
[2025-12-06T02:28:48.509Z] AUTH getUser RETURNED. Error: false
[2025-12-06T02:28:48.510Z] AUTH SUCCESS. User: admin@sistema.com, Role: ADMIN


[2025-12-06T02:29:02.279Z] AUTH ENTER: POST /9/fixture
[2025-12-06T02:29:02.307Z] AUTH TOKEN LEN: 783
[2025-12-06T02:29:02.308Z] AUTH CLIENT SELECTED: ADMIN
[2025-12-06T02:29:02.309Z] AUTH CALLING getUser...
[2025-12-06T02:29:02.903Z] AUTH getUser RETURNED. Error: false
[2025-12-06T02:29:02.924Z] AUTH SUCCESS. User: admin@sistema.com, Role: ADMIN


[2025-12-06T02:29:56.695Z] AUTH ENTER: GET /dashboard
[2025-12-06T02:29:56.696Z] AUTH TOKEN LEN: 783
[2025-12-06T02:29:56.697Z] AUTH CLIENT SELECTED: ADMIN
[2025-12-06T02:29:56.697Z] AUTH CALLING getUser...
[2025-12-06T02:29:57.238Z] AUTH getUser RETURNED. Error: false
[2025-12-06T02:29:57.241Z] AUTH SUCCESS. User: admin@sistema.com, Role: ADMIN


[2025-12-06T02:30:10.978Z] AUTH ENTER: POST /9/fixture
[2025-12-06T02:30:10.980Z] AUTH TOKEN LEN: 783
[2025-12-06T02:30:10.980Z] AUTH CLIENT SELECTED: ADMIN
[2025-12-06T02:30:10.981Z] AUTH CALLING getUser...
[2025-12-06T02:30:11.587Z] AUTH getUser RETURNED. Error: false
[2025-12-06T02:30:11.590Z] AUTH SUCCESS. User: admin@sistema.com, Role: ADMIN


[2025-12-06T02:30:16.710Z] AUTH ENTER: GET /dashboard
[2025-12-06T02:30:16.711Z] AUTH TOKEN LEN: 783
[2025-12-06T02:30:16.711Z] AUTH CLIENT SELECTED: ADMIN
[2025-12-06T02:30:16.712Z] AUTH CALLING getUser...
[2025-12-06T02:30:17.144Z] AUTH getUser RETURNED. Error: false
[2025-12-06T02:30:17.145Z] AUTH SUCCESS. User: admin@sistema.com, Role: ADMIN


[2025-12-06T02:32:55.022Z] AUTH ENTER: GET /dashboard
[2025-12-06T02:32:55.024Z] AUTH TOKEN LEN: 783
[2025-12-06T02:32:55.025Z] AUTH CLIENT SELECTED: ADMIN
[2025-12-06T02:32:55.025Z] AUTH CALLING getUser...
[2025-12-06T02:32:55.513Z] AUTH getUser RETURNED. Error: false
[2025-12-06T02:32:55.514Z] AUTH SUCCESS. User: admin@sistema.com, Role: ADMIN


[2025-12-06T02:33:07.609Z] AUTH ENTER: POST /9/fixture
[2025-12-06T02:33:07.610Z] AUTH TOKEN LEN: 783
[2025-12-06T02:33:07.612Z] AUTH CLIENT SELECTED: ADMIN
[2025-12-06T02:33:07.613Z] AUTH CALLING getUser...
[2025-12-06T02:33:08.099Z] AUTH getUser RETURNED. Error: false
[2025-12-06T02:33:08.100Z] AUTH SUCCESS. User: admin@sistema.com, Role: ADMIN


[2025-12-06T02:33:15.018Z] AUTH ENTER: GET /dashboard
[2025-12-06T02:33:15.019Z] AUTH TOKEN LEN: 783
[2025-12-06T02:33:15.019Z] AUTH CLIENT SELECTED: ADMIN
[2025-12-06T02:33:15.020Z] AUTH CALLING getUser...
[2025-12-06T02:33:15.409Z] AUTH getUser RETURNED. Error: false
[2025-12-06T02:33:15.411Z] AUTH SUCCESS. User: admin@sistema.com, Role: ADMIN


[2025-12-06T02:33:18.025Z] AUTH ENTER: POST /9/fixture
[2025-12-06T02:33:18.026Z] AUTH TOKEN LEN: 783
[2025-12-06T02:33:18.028Z] AUTH CLIENT SELECTED: ADMIN
[2025-12-06T02:33:18.029Z] AUTH CALLING getUser...
[2025-12-06T02:33:18.544Z] AUTH getUser RETURNED. Error: false
[2025-12-06T02:33:18.545Z] AUTH SUCCESS. User: admin@sistema.com, Role: ADMIN


[2025-12-06T02:33:25.831Z] AUTH ENTER: POST /9/draw-groups
[2025-12-06T02:33:25.832Z] AUTH TOKEN LEN: 783
[2025-12-06T02:33:25.833Z] AUTH CLIENT SELECTED: ADMIN
[2025-12-06T02:33:25.833Z] AUTH CALLING getUser...
[2025-12-06T02:33:26.268Z] AUTH getUser RETURNED. Error: false
[2025-12-06T02:33:26.269Z] AUTH SUCCESS. User: admin@sistema.com, Role: ADMIN


[2025-12-06T02:33:39.769Z] AUTH ENTER: POST /9/fixture
[2025-12-06T02:33:39.770Z] AUTH TOKEN LEN: 783
[2025-12-06T02:33:39.771Z] AUTH CLIENT SELECTED: ADMIN
[2025-12-06T02:33:39.771Z] AUTH CALLING getUser...
[2025-12-06T02:33:40.244Z] AUTH getUser RETURNED. Error: false
[2025-12-06T02:33:40.245Z] AUTH SUCCESS. User: admin@sistema.com, Role: ADMIN
