[2025-12-05T20:59:14.766Z] AUTHORIZE ENTER: DELETE /10
[2025-12-05T20:59:14.767Z] AUTHORIZE USER: {"userId":"3da1ce56-3cab-4b9f-b87e-6b4f786a2bd7","email":"admin@sistema.com","role":"ADMIN"}
[2025-12-05T20:59:14.767Z] AUTHORIZE ROLE: ADMIN, ALLOWED: ADMIN
[2025-12-05T20:59:14.768Z] AUTHORIZE SUCCESS - NEXT
[2025-12-05T20:59:53.271Z] AUTHORIZE ENTER: DELETE /10
[2025-12-05T20:59:53.272Z] AUTHORIZE USER: {"userId":"3da1ce56-3cab-4b9f-b87e-6b4f786a2bd7","email":"admin@sistema.com","role":"ADMIN"}
[2025-12-05T20:59:53.273Z] AUTHORIZE ROLE: ADMIN, ALLOWED: ADMIN
[2025-12-05T20:59:53.273Z] AUTHORIZE SUCCESS - NEXT
[2025-12-05T21:05:11.530Z] AUTHORIZE ENTER: DELETE /10
[2025-12-05T21:05:11.531Z] AUTHORIZE USER: {"userId":"3da1ce56-3cab-4b9f-b87e-6b4f786a2bd7","email":"admin@sistema.com","role":"ADMIN"}
[2025-12-05T21:05:11.531Z] AUTHORIZE ROLE: ADMIN, ALLOWED: ADMIN
[2025-12-05T21:05:11.531Z] AUTHORIZE SUCCESS - NEXT
[2025-12-05T21:35:30.075Z] AUTHORIZE ENTER: DELETE /8
[2025-12-05T21:35:30.076Z] AUTHORIZE USER: {"userId":"3da1ce56-3cab-4b9f-b87e-6b4f786a2bd7","email":"admin@sistema.com","role":"ADMIN"}
[2025-12-05T21:35:30.077Z] AUTHORIZE ROLE: ADMIN, ALLOWED: ADMIN
[2025-12-05T21:35:30.078Z] AUTHORIZE SUCCESS - NEXT
[2025-12-05T21:42:08.196Z] AUTHORIZE ENTER: DELETE /6
[2025-12-05T21:42:08.196Z] AUTHORIZE USER: {"userId":"3da1ce56-3cab-4b9f-b87e-6b4f786a2bd7","email":"admin@sistema.com","role":"ADMIN"}
[2025-12-05T21:42:08.197Z] AUTHORIZE ROLE: ADMIN, ALLOWED: ADMIN
[2025-12-05T21:42:08.197Z] AUTHORIZE SUCCESS - NEXT
[2025-12-05T21:42:12.501Z] AUTHORIZE ENTER: GET /admin/users
[2025-12-05T21:42:12.502Z] AUTHORIZE USER: {"userId":"3da1ce56-3cab-4b9f-b87e-6b4f786a2bd7","email":"admin@sistema.com","role":"ADMIN"}
[2025-12-05T21:42:12.502Z] AUTHORIZE ROLE: ADMIN, ALLOWED: ADMIN
[2025-12-05T21:42:12.503Z] AUTHORIZE SUCCESS - NEXT
[2025-12-05T21:42:13.431Z] AUTHORIZE ENTER: GET /admin/users
[2025-12-05T21:42:13.433Z] AUTHORIZE USER: {"userId":"3da1ce56-3cab-4b9f-b87e-6b4f786a2bd7","email":"admin@sistema.com","role":"ADMIN"}
[2025-12-05T21:42:13.434Z] AUTHORIZE ROLE: ADMIN, ALLOWED: ADMIN
[2025-12-05T21:42:13.434Z] AUTHORIZE SUCCESS - NEXT
[2025-12-06T01:33:24.621Z] AUTHORIZE ENTER: POST /9/draw-groups
[2025-12-06T01:33:24.622Z] AUTHORIZE USER: {"role":"FAN"}
[2025-12-06T01:33:24.622Z] AUTHORIZE ROLE: FAN, ALLOWED: ADMIN
[2025-12-06T01:33:24.623Z] AUTHORIZE DENIED
[2025-12-06T01:33:34.332Z] AUTHORIZE ENTER: POST /9/draw-groups
[2025-12-06T01:33:34.333Z] AUTHORIZE USER: {"role":"FAN"}
[2025-12-06T01:33:34.333Z] AUTHORIZE ROLE: FAN, ALLOWED: ADMIN
[2025-12-06T01:33:34.333Z] AUTHORIZE DENIED
[2025-12-06T01:44:55.924Z] AUTHORIZE ENTER: POST /9/draw-groups
[2025-12-06T01:44:55.925Z] AUTHORIZE USER: {"userId":"3da1ce56-3cab-4b9f-b87e-6b4f786a2bd7","email":"admin@sistema.com","role":"ADMIN"}
[2025-12-06T01:44:55.926Z] AUTHORIZE ROLE: ADMIN, ALLOWED: ADMIN
[2025-12-06T01:44:55.927Z] AUTHORIZE SUCCESS - NEXT
[2025-12-06T01:50:52.811Z] AUTHORIZE ENTER: POST /9/fixture
[2025-12-06T01:50:52.811Z] AUTHORIZE USER: {"userId":"3da1ce56-3cab-4b9f-b87e-6b4f786a2bd7","email":"admin@sistema.com","role":"ADMIN"}
[2025-12-06T01:50:52.812Z] AUTHORIZE ROLE: ADMIN, ALLOWED: ADMIN
[2025-12-06T01:50:52.812Z] AUTHORIZE SUCCESS - NEXT
[2025-12-06T01:53:56.311Z] AUTHORIZE ENTER: POST /9/fixture
[2025-12-06T01:53:56.312Z] AUTHORIZE USER: {"userId":"3da1ce56-3cab-4b9f-b87e-6b4f786a2bd7","email":"admin@sistema.com","role":"ADMIN"}
[2025-12-06T01:53:56.312Z] AUTHORIZE ROLE: ADMIN, ALLOWED: ADMIN
[2025-12-06T01:53:56.313Z] AUTHORIZE SUCCESS - NEXT
[2025-12-06T01:54:58.062Z] AUTHORIZE ENTER: POST /9/fixture
[2025-12-06T01:54:58.062Z] AUTHORIZE USER: {"userId":"3da1ce56-3cab-4b9f-b87e-6b4f786a2bd7","email":"admin@sistema.com","role":"ADMIN"}
[2025-12-06T01:54:58.063Z] AUTHORIZE ROLE: ADMIN, ALLOWED: ADMIN
[2025-12-06T01:54:58.063Z] AUTHORIZE SUCCESS - NEXT
[2025-12-06T01:57:01.461Z] AUTHORIZE ENTER: POST /9/fixture
[2025-12-06T01:57:01.462Z] AUTHORIZE USER: {"userId":"3da1ce56-3cab-4b9f-b87e-6b4f786a2bd7","email":"admin@sistema.com","role":"ADMIN"}
[2025-12-06T01:57:01.462Z] AUTHORIZE ROLE: ADMIN, ALLOWED: ADMIN
[2025-12-06T01:57:01.463Z] AUTHORIZE SUCCESS - NEXT
[2025-12-06T02:00:23.583Z] AUTHORIZE ENTER: POST /9/fixture
[2025-12-06T02:00:23.584Z] AUTHORIZE USER: {"userId":"3da1ce56-3cab-4b9f-b87e-6b4f786a2bd7","email":"admin@sistema.com","role":"ADMIN"}
[2025-12-06T02:00:23.585Z] AUTHORIZE ROLE: ADMIN, ALLOWED: ADMIN
[2025-12-06T02:00:23.586Z] AUTHORIZE SUCCESS - NEXT
[2025-12-06T02:00:43.994Z] AUTHORIZE ENTER: GET /team-registrations/62/athletes
[2025-12-06T02:00:43.994Z] AUTHORIZE USER: {"userId":"3da1ce56-3cab-4b9f-b87e-6b4f786a2bd7","email":"admin@sistema.com","role":"ADMIN"}
[2025-12-06T02:00:43.995Z] AUTHORIZE ROLE: ADMIN, ALLOWED: ADMIN
[2025-12-06T02:00:43.995Z] AUTHORIZE SUCCESS - NEXT
[2025-12-06T02:00:44.902Z] AUTHORIZE ENTER: GET /team-registrations/62/athletes
[2025-12-06T02:00:44.903Z] AUTHORIZE USER: {"userId":"3da1ce56-3cab-4b9f-b87e-6b4f786a2bd7","email":"admin@sistema.com","role":"ADMIN"}
[2025-12-06T02:00:44.903Z] AUTHORIZE ROLE: ADMIN, ALLOWED: ADMIN
[2025-12-06T02:00:44.903Z] AUTHORIZE SUCCESS - NEXT
[2025-12-06T02:07:19.572Z] AUTHORIZE ENTER: POST /9/fixture
[2025-12-06T02:07:19.573Z] AUTHORIZE USER: {"userId":"3da1ce56-3cab-4b9f-b87e-6b4f786a2bd7","email":"admin@sistema.com","role":"ADMIN"}
[2025-12-06T02:07:19.573Z] AUTHORIZE ROLE: ADMIN, ALLOWED: ADMIN
[2025-12-06T02:07:19.574Z] AUTHORIZE SUCCESS - NEXT
[2025-12-06T02:07:30.117Z] AUTHORIZE ENTER: POST /9/draw-groups
[2025-12-06T02:07:30.118Z] AUTHORIZE USER: {"userId":"3da1ce56-3cab-4b9f-b87e-6b4f786a2bd7","email":"admin@sistema.com","role":"ADMIN"}
[2025-12-06T02:07:30.118Z] AUTHORIZE ROLE: ADMIN, ALLOWED: ADMIN
[2025-12-06T02:07:30.118Z] AUTHORIZE SUCCESS - NEXT
[2025-12-06T02:07:38.760Z] AUTHORIZE ENTER: POST /9/fixture
[2025-12-06T02:07:38.761Z] AUTHORIZE USER: {"userId":"3da1ce56-3cab-4b9f-b87e-6b4f786a2bd7","email":"admin@sistema.com","role":"ADMIN"}
[2025-12-06T02:07:38.761Z] AUTHORIZE ROLE: ADMIN, ALLOWED: ADMIN
[2025-12-06T02:07:38.762Z] AUTHORIZE SUCCESS - NEXT
[2025-12-06T02:08:57.367Z] AUTHORIZE ENTER: POST /9/fixture
[2025-12-06T02:08:57.367Z] AUTHORIZE USER: {"userId":"3da1ce56-3cab-4b9f-b87e-6b4f786a2bd7","email":"admin@sistema.com","role":"ADMIN"}
[2025-12-06T02:08:57.367Z] AUTHORIZE ROLE: ADMIN, ALLOWED: ADMIN
[2025-12-06T02:08:57.368Z] AUTHORIZE SUCCESS - NEXT
[2025-12-06T02:09:08.323Z] AUTHORIZE ENTER: POST /9/fixture
[2025-12-06T02:09:08.324Z] AUTHORIZE USER: {"userId":"3da1ce56-3cab-4b9f-b87e-6b4f786a2bd7","email":"admin@sistema.com","role":"ADMIN"}
[2025-12-06T02:09:08.324Z] AUTHORIZE ROLE: ADMIN, ALLOWED: ADMIN
[2025-12-06T02:09:08.324Z] AUTHORIZE SUCCESS - NEXT
[2025-12-06T02:09:55.323Z] AUTHORIZE ENTER: POST /9/fixture
[2025-12-06T02:09:55.324Z] AUTHORIZE USER: {"userId":"3da1ce56-3cab-4b9f-b87e-6b4f786a2bd7","email":"admin@sistema.com","role":"ADMIN"}
[2025-12-06T02:09:55.325Z] AUTHORIZE ROLE: ADMIN, ALLOWED: ADMIN
[2025-12-06T02:09:55.325Z] AUTHORIZE SUCCESS - NEXT
[2025-12-06T02:10:20.823Z] AUTHORIZE ENTER: POST /9/fixture
[2025-12-06T02:10:20.823Z] AUTHORIZE USER: {"userId":"3da1ce56-3cab-4b9f-b87e-6b4f786a2bd7","email":"admin@sistema.com","role":"ADMIN"}
[2025-12-06T02:10:20.823Z] AUTHORIZE ROLE: ADMIN, ALLOWED: ADMIN
[2025-12-06T02:10:20.824Z] AUTHORIZE SUCCESS - NEXT
[2025-12-06T02:12:08.337Z] AUTHORIZE ENTER: POST /9/fixture
[2025-12-06T02:12:08.343Z] AUTHORIZE USER: {"userId":"3da1ce56-3cab-4b9f-b87e-6b4f786a2bd7","email":"admin@sistema.com","role":"ADMIN"}
[2025-12-06T02:12:08.344Z] AUTHORIZE ROLE: ADMIN, ALLOWED: ADMIN
[2025-12-06T02:12:08.344Z] AUTHORIZE SUCCESS - NEXT
[2025-12-06T02:24:43.412Z] AUTHORIZE ENTER: POST /9/fixture
[2025-12-06T02:24:43.413Z] AUTHORIZE USER: {"userId":"3da1ce56-3cab-4b9f-b87e-6b4f786a2bd7","email":"admin@sistema.com","role":"ADMIN"}
[2025-12-06T02:24:43.413Z] AUTHORIZE ROLE: ADMIN, ALLOWED: ADMIN
[2025-12-06T02:24:43.414Z] AUTHORIZE SUCCESS - NEXT
[2025-12-06T02:26:26.274Z] AUTHORIZE ENTER: POST /9/fixture
[2025-12-06T02:26:26.275Z] AUTHORIZE USER: {"userId":"3da1ce56-3cab-4b9f-b87e-6b4f786a2bd7","email":"admin@sistema.com","role":"ADMIN"}
[2025-12-06T02:26:26.275Z] AUTHORIZE ROLE: ADMIN, ALLOWED: ADMIN
[2025-12-06T02:26:26.276Z] AUTHORIZE SUCCESS - NEXT
[2025-12-06T02:27:41.540Z] AUTHORIZE ENTER: POST /9/fixture
[2025-12-06T02:27:41.540Z] AUTHORIZE USER: {"userId":"3da1ce56-3cab-4b9f-b87e-6b4f786a2bd7","email":"admin@sistema.com","role":"ADMIN"}
[2025-12-06T02:27:41.541Z] AUTHORIZE ROLE: ADMIN, ALLOWED: ADMIN
[2025-12-06T02:27:41.541Z] AUTHORIZE SUCCESS - NEXT
[2025-12-06T02:28:42.267Z] AUTHORIZE ENTER: POST /9/fixture
[2025-12-06T02:28:42.267Z] AUTHORIZE USER: {"userId":"3da1ce56-3cab-4b9f-b87e-6b4f786a2bd7","email":"admin@sistema.com","role":"ADMIN"}
[2025-12-06T02:28:42.267Z] AUTHORIZE ROLE: ADMIN, ALLOWED: ADMIN
[2025-12-06T02:28:42.268Z] AUTHORIZE SUCCESS - NEXT
[2025-12-06T02:29:02.930Z] AUTHORIZE ENTER: POST /9/fixture
[2025-12-06T02:29:02.946Z] AUTHORIZE USER: {"userId":"3da1ce56-3cab-4b9f-b87e-6b4f786a2bd7","email":"admin@sistema.com","role":"ADMIN"}
[2025-12-06T02:29:02.947Z] AUTHORIZE ROLE: ADMIN, ALLOWED: ADMIN
[2025-12-06T02:29:02.947Z] AUTHORIZE SUCCESS - NEXT
[2025-12-06T02:30:11.591Z] AUTHORIZE ENTER: POST /9/fixture
[2025-12-06T02:30:11.593Z] AUTHORIZE USER: {"userId":"3da1ce56-3cab-4b9f-b87e-6b4f786a2bd7","email":"admin@sistema.com","role":"ADMIN"}
[2025-12-06T02:30:11.593Z] AUTHORIZE ROLE: ADMIN, ALLOWED: ADMIN
[2025-12-06T02:30:11.594Z] AUTHORIZE SUCCESS - NEXT
[2025-12-06T02:33:08.100Z] AUTHORIZE ENTER: POST /9/fixture
[2025-12-06T02:33:08.101Z] AUTHORIZE USER: {"userId":"3da1ce56-3cab-4b9f-b87e-6b4f786a2bd7","email":"admin@sistema.com","role":"ADMIN"}
[2025-12-06T02:33:08.101Z] AUTHORIZE ROLE: ADMIN, ALLOWED: ADMIN
[2025-12-06T02:33:08.101Z] AUTHORIZE SUCCESS - NEXT
[2025-12-06T02:33:18.546Z] AUTHORIZE ENTER: POST /9/fixture
[2025-12-06T02:33:18.546Z] AUTHORIZE USER: {"userId":"3da1ce56-3cab-4b9f-b87e-6b4f786a2bd7","email":"admin@sistema.com","role":"ADMIN"}
[2025-12-06T02:33:18.546Z] AUTHORIZE ROLE: ADMIN, ALLOWED: ADMIN
[2025-12-06T02:33:18.547Z] AUTHORIZE SUCCESS - NEXT
[2025-12-06T02:33:26.269Z] AUTHORIZE ENTER: POST /9/draw-groups
[2025-12-06T02:33:26.270Z] AUTHORIZE USER: {"userId":"3da1ce56-3cab-4b9f-b87e-6b4f786a2bd7","email":"admin@sistema.com","role":"ADMIN"}
[2025-12-06T02:33:26.270Z] AUTHORIZE ROLE: ADMIN, ALLOWED: ADMIN
[2025-12-06T02:33:26.270Z] AUTHORIZE SUCCESS - NEXT
[2025-12-06T02:33:40.246Z] AUTHORIZE ENTER: POST /9/fixture
[2025-12-06T02:33:40.247Z] AUTHORIZE USER: {"userId":"3da1ce56-3cab-4b9f-b87e-6b4f786a2bd7","email":"admin@sistema.com","role":"ADMIN"}
[2025-12-06T02:33:40.247Z] AUTHORIZE ROLE: ADMIN, ALLOWED: ADMIN
[2025-12-06T02:33:40.248Z] AUTHORIZE SUCCESS - NEXT
