--- INICIANDO SUPABASE (CURL MODE) ---
1. Ambiente: development
2. URL: https://deqtlplceaphtindxxtu.supabase.co
3. KEY (Anon): OK
4. SERVICE_KEY: OK
Ô£à Supabase inicializado (CURL Fetch)
[SIMPLIFIED SEEDING] Creating 60 athlete users for competition 7...
Note: This version skips Team creation due to database constraints.
Athletes will be created as users but not linked to teams.

Creating athlete 1/60 (Team 1, Athlete 1)...
Creating athlete 2/60 (Team 1, Athlete 2)...
Creating athlete 3/60 (Team 1, Athlete 3)...
Creating athlete 4/60 (Team 1, Athlete 4)...
Creating athlete 5/60 (Team 1, Athlete 5)...
Creating athlete 6/60 (Team 1, Athlete 6)...
   Ô£à Completed team 1 (6 total athletes)

Creating athlete 7/60 (Team 2, Athlete 1)...
Creating athlete 8/60 (Team 2, Athlete 2)...
Creating athlete 9/60 (Team 2, Athlete 3)...
Creating athlete 10/60 (Team 2, Athlete 4)...
Creating athlete 11/60 (Team 2, Athlete 5)...
Creating athlete 12/60 (Team 2, Athlete 6)...
   Ô£à Completed team 2 (12 total athletes)

Creating athlete 13/60 (Team 3, Athlete 1)...
Creating athlete 14/60 (Team 3, Athlete 2)...
Creating athlete 15/60 (Team 3, Athlete 3)...
Creating athlete 16/60 (Team 3, Athlete 4)...
Creating athlete 17/60 (Team 3, Athlete 5)...
Creating athlete 18/60 (Team 3, Athlete 6)...
   Ô£à Completed team 3 (18 total athletes)

Creating athlete 19/60 (Team 4, Athlete 1)...
Creating athlete 20/60 (Team 4, Athlete 2)...
Creating athlete 21/60 (Team 4, Athlete 3)...
Creating athlete 22/60 (Team 4, Athlete 4)...
Creating athlete 23/60 (Team 4, Athlete 5)...
Creating athlete 24/60 (Team 4, Athlete 6)...
   Ô£à Completed team 4 (24 total athletes)

Creating athlete 25/60 (Team 5, Athlete 1)...
Creating athlete 26/60 (Team 5, Athlete 2)...
Creating athlete 27/60 (Team 5, Athlete 3)...
Creating athlete 28/60 (Team 5, Athlete 4)...
Creating athlete 29/60 (Team 5, Athlete 5)...
Creating athlete 30/60 (Team 5, Athlete 6)...
   Ô£à Completed team 5 (30 total athletes)

Creating athlete 31/60 (Team 6, Athlete 1)...
Creating athlete 32/60 (Team 6, Athlete 2)...
Creating athlete 33/60 (Team 6, Athlete 3)...
Creating athlete 34/60 (Team 6, Athlete 4)...
Creating athlete 35/60 (Team 6, Athlete 5)...
Creating athlete 36/60 (Team 6, Athlete 6)...
   Ô£à Completed team 6 (36 total athletes)

Creating athlete 37/60 (Team 7, Athlete 1)...
Creating athlete 38/60 (Team 7, Athlete 2)...
Creating athlete 39/60 (Team 7, Athlete 3)...
Creating athlete 40/60 (Team 7, Athlete 4)...
Creating athlete 41/60 (Team 7, Athlete 5)...
Creating athlete 42/60 (Team 7, Athlete 6)...
   Ô£à Completed team 7 (42 total athletes)

Creating athlete 43/60 (Team 8, Athlete 1)...
Creating athlete 44/60 (Team 8, Athlete 2)...
Creating athlete 45/60 (Team 8, Athlete 3)...
Creating athlete 46/60 (Team 8, Athlete 4)...
Creating athlete 47/60 (Team 8, Athlete 5)...
Creating athlete 48/60 (Team 8, Athlete 6)...
   Ô£à Completed team 8 (48 total athletes)

Creating athlete 49/60 (Team 9, Athlete 1)...
Creating athlete 50/60 (Team 9, Athlete 2)...
Creating athlete 51/60 (Team 9, Athlete 3)...
Creating athlete 52/60 (Team 9, Athlete 4)...
Creating athlete 53/60 (Team 9, Athlete 5)...
Creating athlete 54/60 (Team 9, Athlete 6)...
   Ô£à Completed team 9 (54 total athletes)

Creating athlete 55/60 (Team 10, Athlete 1)...
Creating athlete 56/60 (Team 10, Athlete 2)...
Creating athlete 57/60 (Team 10, Athlete 3)...
Creating athlete 58/60 (Team 10, Athlete 4)...
Creating athlete 59/60 (Team 10, Athlete 5)...
Creating athlete 60/60 (Team 10, Athlete 6)...
   Ô£à Completed team 10 (60 total athletes)


­ƒÄë Seeding complete!
   - Athletes created: 60/60
   - Organized into 10 virtual teams (6 athletes each)
   - All athletes can login with password: password123

ÔÜá´©Å  NOTE: Teams, TeamRegistrations, and AthleteInscriptions were not created
   due to database schema constraints (Organization/Championship required).
   To complete the setup, you may need to:
   1. Manually create Organizations and Championships via UI/SQL
   2. Create Teams linked to those entities
   3. Create TeamRegistrations for the competition
   4. Link athletes to teams via AthleteInscription
