--- INICIANDO SUPABASE (CURL MODE) ---
1. Ambiente: development
2. URL: https://deqtlplceaphtindxxtu.supabase.co
3. KEY (Anon): OK
4. SERVICE_KEY: OK
Ô£à Supabase inicializado (CURL Fetch)
Ô£à CPF Validation Service initialized
Server is running on http://localhost:3000

­ƒîÉ Acesso na rede local:
   http://192.168.1.108:3000
   http://172.18.112.1:3000

POST /api/v1/users

=== USER REGISTRATION ATTEMPT (SUPABASE AUTH) ===
Timestamp: 2025-11-25T23:39:29.529Z
[curlFetch] Headers: {"Content-Type":"application/json;charset=UTF-8","Authorization":"Bearer eyJhbGciOiJIUzI1NiIsInR5cCI6IkpXVCJ9.eyJpc3MiOiJzdXBhYmFzZSIsInJlZiI6ImRlcXRscGxjZWFwaHRpbmR4eHR1Iiwicm9sZSI6ImFub24iLCJpYXQiOjE3NjM2NTk0NDYsImV4cCI6MjA3OTIzNTQ0Nn0.-TIhsiQoD_RR8fI8D8R1ZrC86WeH0OgXOpFFrnHXlEg","apikey":"eyJhbGciOiJIUzI1NiIsInR5cCI6IkpXVCJ9.eyJpc3MiOiJzdXBhYmFzZSIsInJlZiI6ImRlcXRscGxjZWFwaHRpbmR4eHR1Iiwicm9sZSI6ImFub24iLCJpYXQiOjE3NjM2NTk0NDYsImV4cCI6MjA3OTIzNTQ0Nn0.-TIhsiQoD_RR8fI8D8R1ZrC86WeH0OgXOpFFrnHXlEg","X-Client-Info":"supabase-js-node/2.84.0","X-Supabase-Api-Version":"2024-01-01"}
[curlFetch] Executing: curl -s -i -X POST --resolve deqtlplceaphtindxxtu.supabase.co:443:104.18.38.146 -H "Content-Type: application/json;charset=UTF-8" -H "Authorization: Bearer eyJhbGciOiJIUzI1NiIsInR5cCI6IkpXVCJ9.eyJpc3M...
Error creating auth user: {
  "__isAuthError": true,
  "name": "AuthApiError",
  "status": 422
}
POST /api/v1/users

=== USER REGISTRATION ATTEMPT (SUPABASE AUTH) ===
Timestamp: 2025-11-26T00:02:22.860Z
[curlFetch] Headers: {"Content-Type":"application/json;charset=UTF-8","Authorization":"Bearer eyJhbGciOiJIUzI1NiIsInR5cCI6IkpXVCJ9.eyJpc3MiOiJzdXBhYmFzZSIsInJlZiI6ImRlcXRscGxjZWFwaHRpbmR4eHR1Iiwicm9sZSI6ImFub24iLCJpYXQiOjE3NjM2NTk0NDYsImV4cCI6MjA3OTIzNTQ0Nn0.-TIhsiQoD_RR8fI8D8R1ZrC86WeH0OgXOpFFrnHXlEg","apikey":"eyJhbGciOiJIUzI1NiIsInR5cCI6IkpXVCJ9.eyJpc3MiOiJzdXBhYmFzZSIsInJlZiI6ImRlcXRscGxjZWFwaHRpbmR4eHR1Iiwicm9sZSI6ImFub24iLCJpYXQiOjE3NjM2NTk0NDYsImV4cCI6MjA3OTIzNTQ0Nn0.-TIhsiQoD_RR8fI8D8R1ZrC86WeH0OgXOpFFrnHXlEg","X-Client-Info":"supabase-js-node/2.84.0","X-Supabase-Api-Version":"2024-01-01"}
[curlFetch] Executing: curl -s -i -X POST --resolve deqtlplceaphtindxxtu.supabase.co:443:104.18.38.146 -H "Content-Type: application/json;charset=UTF-8" -H "Authorization: Bearer eyJhbGciOiJIUzI1NiIsInR5cCI6IkpXVCJ9.eyJpc3M...
[curlFetch] Headers: {}
[curlFetch] Executing: curl -s -i -X POST --resolve deqtlplceaphtindxxtu.supabase.co:443:104.18.38.146 -d "{\"id\":\"30814b0d-2ea5-4020-96d6-1b95ce767000\",\"email\":\"novousuario2@example.com\",\"cpf\":\"12345678901\",\"fu...
Error creating user profile: {
  message: 'No API key found in request',
  hint: 'No `apikey` request header or url param was found.'
}
[curlFetch] Headers: {"Content-Type":"application/json;charset=UTF-8","Authorization":"Bearer eyJhbGciOiJIUzI1NiIsInR5cCI6IkpXVCJ9.eyJpc3MiOiJzdXBhYmFzZSIsInJlZiI6ImRlcXRscGxjZWFwaHRpbmR4eHR1Iiwicm9sZSI6ImFub24iLCJpYXQiOjE3NjM2NTk0NDYsImV4cCI6MjA3OTIzNTQ0Nn0.-TIhsiQoD_RR8fI8D8R1ZrC86WeH0OgXOpFFrnHXlEg","apikey":"eyJhbGciOiJIUzI1NiIsInR5cCI6IkpXVCJ9.eyJpc3MiOiJzdXBhYmFzZSIsInJlZiI6ImRlcXRscGxjZWFwaHRpbmR4eHR1Iiwicm9sZSI6ImFub24iLCJpYXQiOjE3NjM2NTk0NDYsImV4cCI6MjA3OTIzNTQ0Nn0.-TIhsiQoD_RR8fI8D8R1ZrC86WeH0OgXOpFFrnHXlEg","X-Client-Info":"supabase-js-node/2.84.0","X-Supabase-Api-Version":"2024-01-01"}
[curlFetch] Executing: curl -s -i -X DELETE --resolve deqtlplceaphtindxxtu.supabase.co:443:104.18.38.146 -H "Content-Type: application/json;charset=UTF-8" -H "Authorization: Bearer eyJhbGciOiJIUzI1NiIsInR5cCI6IkpXVCJ9.eyJpc...
