--- INICIANDO SUPABASE ---
1. Ambiente: development
2. URL: https://deqtlplceaphtindxxtu.supabase.co
3. KEY (Anon): OK
4. SERVICE_KEY: OK
Ô£à Supabase inicializado (DNS Patched + node-fetch)
Ô£à CPF Validation Service initialized
Server is running on http://localhost:3000

­ƒîÉ Acesso na rede local:
   http://192.168.1.108:3000
   http://172.18.112.1:3000

POST /api/v1/users

=== USER REGISTRATION ATTEMPT (SUPABASE AUTH) ===
Timestamp: 2025-11-25T23:23:14.039Z
­ƒöì Intercepting DNS lookup for: deqtlplceaphtindxxtu.supabase.co
Ô£à Returning hardcoded IP: 104.18.38.146
FetchError: request to https://deqtlplceaphtindxxtu.supabase.co/auth/v1/signup failed, reason: Invalid IP address: undefined
    at ClientRequest.<anonymous> (C:\Users\Luis\Documents\EvoluiGest├úo\server\node_modules\node-fetch\lib\index.js:1501:11)
    at ClientRequest.emit (node:events:508:28)
    at ClientRequest.emit (node:domain:489:12)
    at emitErrorEvent (node:_http_client:108:11)
    at TLSSocket.socketErrorListener (node:_http_client:575:5)
    at TLSSocket.emit (node:events:508:28)
    at TLSSocket.emit (node:domain:489:12)
    at emitErrorNT (node:internal/streams/destroy:170:8)
    at emitErrorCloseNT (node:internal/streams/destroy:129:3)
    at processTicksAndRejections (node:internal/process/task_queues:89:21) {
  type: 'system',
  errno: 'ERR_INVALID_IP_ADDRESS',
  code: 'ERR_INVALID_IP_ADDRESS'
}
Error creating auth user: {
  "__isAuthError": true,
  "name": "AuthRetryableFetchError",
  "status": 0
}
